<?xml version="1.0" encoding="UTF-8"?>
<!-- Generated by org.testng.reporters.JUnitReportReporter -->
<testsuite hostname="NMG-D-88" failures="0" tests="1" name="test.basics4" time="0.000" errors="0" timestamp="2024-09-16T20:24:18 IST" skipped="0">
  <testcase classname="test.basics4" name="MobileLoginHomeLoan" time="0.000"/>
  <system-out/>
</testsuite> <!-- test.basics4 -->
