<?xml version="1.0" encoding="UTF-8"?>
<!-- Generated by org.testng.reporters.JUnitReportReporter -->
<testsuite hostname="NMG-D-88" failures="0" tests="1" name="test.basics" time="0.008" errors="0" timestamp="2024-09-16T20:24:18 IST" skipped="0">
  <testcase classname="test.basics" name="first" time="0.008"/>
  <system-out/>
</testsuite> <!-- test.basics -->
